<?xml version="1.0" encoding="UTF-8"?>
<!-- Generated by org.testng.reporters.JUnitReportReporter -->
<testsuite hostname="DESKTOP-V2CRMJS" name="test.com.CostcoTest" tests="9" failures="0" timestamp="23 Mar 2019 03:32:18 GMT" time="504.454" errors="0">
  <testcase name="testCostcoLogin1" time="62.679" classname="test.com.CostcoTest"/>
  <testcase name="testCostcoTest2" time="25.532" classname="test.com.CostcoTest"/>
  <testcase name="testCostco7" time="50.738" classname="test.com.CostcoTest"/>
  <testcase name="testCostcoTest9" time="116.348" classname="test.com.CostcoTest"/>
  <testcase name="testBrandTestCase7" time="90.863" classname="test.com.CostcoTest"/>
  <testcase name="testCostcoTest3" time="23.621" classname="test.com.CostcoTest"/>
  <testcase name="testCostcoTest4" time="70.325" classname="test.com.CostcoTest"/>
  <testcase name="testCostcoTest5" time="50.418" classname="test.com.CostcoTest"/>
  <testcase name="testCostcoTest6" time="13.930" classname="test.com.CostcoTest"/>
</testsuite> <!-- test.com.CostcoTest -->
